<?xml version="1.0" encoding="UTF-8"?>
<!-- Generated by org.testng.reporters.JUnitReportReporter -->
<testsuite hostname="is-2218s-MacBook-Pro.local" name="adb.sample.api.AdbTest" tests="3" failures="0" timestamp="11 Jun 2018 04:52:32 GMT" time="0.019" errors="0">
  <testcase name="testHello" time="0.006" classname="adb.sample.api.AdbTest"/>
  <testcase name="dummy" time="0.012" classname="adb.sample.api.AdbTest"/>
  <testcase name="testHelloWithParams" time="0.001" classname="adb.sample.api.AdbTest"/>
</testsuite> <!-- adb.sample.api.AdbTest -->
